Index(['FID', 'IID', 'PID', 'MID', 'sex', 'pheno', 'PC1', 'PC2', 'PC3', 'PC4',
       'PC5', 'PC6', 'PC7', 'PC8', 'PC9', 'PC10', 'hgdpPC1', 'hgdpPC2',
       'hgdpPC3', 'hgdpPC4', 'Site', 'Project', 'cohort', 'SequencingCentre',
       'Grouping'],
      dtype='object')
Phenos: [0 1]
Scores matrix shape:  (30820, 10)
Training set size: 24656
Test set size: 6164
------------statsmodels binomial glm------------------
          Coef.  Std.Err.          z     P>|z|    [0.025    0.975]
const -1.216232  0.015170 -80.174181  0.000000 -1.245965 -1.186500
x1    -0.049922  0.220508  -0.226394  0.820895 -0.482109  0.382265
x2    -0.255526  0.270355  -0.945149  0.344583 -0.785412  0.274360
x3     0.592194  0.439605   1.347106  0.177946 -0.269415  1.453803
x4     0.308229  0.522860   0.589507  0.555521 -0.716557  1.333015
x5    -0.394185  0.547945  -0.719389  0.471901 -1.468137  0.679767
x6    -0.678733  0.612471  -1.108187  0.267781 -1.879154  0.521689
x7     0.021263  0.622004   0.034185  0.972730 -1.197842  1.240368
x8     0.805793  0.664218   1.213145  0.225075 -0.496051  2.107637
x9    -0.610968  0.707851  -0.863131  0.388066 -1.998330  0.776395
x10    0.123049  0.708628   0.173644  0.862145 -1.265837  1.511935
                 Generalized Linear Model Regression Results                  
==============================================================================
Dep. Variable:                      y   No. Observations:                24656
Model:                            GLM   Df Residuals:                    24645
Model Family:                Binomial   Df Model:                           10
Link Function:                  logit   Scale:                          1.0000
Method:                          IRLS   Log-Likelihood:                -13253.
Date:                Thu, 02 Jul 2020   Deviance:                       26506.
Time:                        12:29:21   Pearson chi2:                 2.47e+04
No. Iterations:                     5                                         
Covariance Type:            nonrobust                                         
==============================================================================
                 coef    std err          z      P>|z|      [0.025      0.975]
------------------------------------------------------------------------------
const         -1.2162      0.015    -80.174      0.000      -1.246      -1.186
x1            -0.0499      0.221     -0.226      0.821      -0.482       0.382
x2            -0.2555      0.270     -0.945      0.345      -0.785       0.274
x3             0.5922      0.440      1.347      0.178      -0.269       1.454
x4             0.3082      0.523      0.590      0.556      -0.717       1.333
x5            -0.3942      0.548     -0.719      0.472      -1.468       0.680
x6            -0.6787      0.612     -1.108      0.268      -1.879       0.522
x7             0.0213      0.622      0.034      0.973      -1.198       1.240
x8             0.8058      0.664      1.213      0.225      -0.496       2.108
x9            -0.6110      0.708     -0.863      0.388      -1.998       0.776
x10            0.1230      0.709      0.174      0.862      -1.266       1.512
==============================================================================

--- metrics ---
[0 0 0 ... 0 0 0]
       Recall  Precision  Accuracy  F1-score
train     0.0        0.0  0.771334       0.0
test      0.0        0.0  0.774984       0.0
