Index(['FID', 'IID', 'PID', 'MID', 'sex', 'pheno', 'PC1', 'PC2', 'PC3', 'PC4',
       'PC5', 'PC6', 'PC7', 'PC8', 'PC9', 'PC10', 'hgdpPC1', 'hgdpPC2',
       'hgdpPC3', 'hgdpPC4', 'Site', 'Project', 'cohort', 'SequencingCentre',
       'Grouping'],
      dtype='object')
Phenos: [0 1]
Index(['FID', 'IID', 'PID', 'MID', 'sex', 'pheno', 'PC1', 'PC2', 'PC3', 'PC4',
       'PC5', 'PC6', 'PC7', 'PC8', 'PC9', 'PC10', 'hgdpPC1', 'hgdpPC2',
       'hgdpPC3', 'hgdpPC4', 'Site', 'Project', 'cohort', 'SequencingCentre',
       'Grouping'],
      dtype='object')
OG scores matrix shape: [[-0.0028849  -0.00186978  0.0105348  ...  0.0003831  -0.00899042
  -0.00237918]
 [ 0.0149612   0.00590563 -0.00057338 ...  0.0094508  -0.00080649
   0.0120346 ]
 [-0.00255329 -0.00151901  0.00373323 ... -0.00411296  0.00230884
   0.00082198]
 ...
 [-0.00355029 -0.00253074  0.0106034  ...  0.00672877 -0.0100174
  -0.00296436]
 [-0.0059604   0.00979444 -0.0033233  ...  0.00597414 -0.00952795
  -0.00226932]
 [-0.00515063  0.00783059  0.00195896 ... -0.00271445 -0.00898726
  -0.00469559]]
Training set size: 24656
Test set size: 6164
------------statsmodels binomial glm------------------
                 Generalized Linear Model Regression Results                  
==============================================================================
Dep. Variable:                      y   No. Observations:                24656
Model:                            GLM   Df Residuals:                    24645
Model Family:                Binomial   Df Model:                           10
Link Function:                  logit   Scale:                          1.0000
Method:                          IRLS   Log-Likelihood:                -12231.
Date:                Mon, 06 Jul 2020   Deviance:                       24462.
Time:                        12:30:46   Pearson chi2:                 2.87e+04
No. Iterations:                     5                                         
Covariance Type:            nonrobust                                         
==============================================================================
                 coef    std err          z      P>|z|      [0.025      0.975]
------------------------------------------------------------------------------
const         -1.3887      0.018    -78.164      0.000      -1.423      -1.354
x1           -36.9418      3.403    -10.857      0.000     -43.611     -30.273
x2          -101.7873      3.245    -31.369      0.000    -108.147     -95.428
x3           -28.1126      2.752    -10.214      0.000     -33.507     -22.718
x4            85.9468      3.247     26.472      0.000      79.583      92.310
x5            27.4054      2.749      9.969      0.000      22.017      32.793
x6             0.0486      2.745      0.018      0.986      -5.331       5.428
x7            37.1309      2.829     13.124      0.000      31.586      42.676
x8             4.4817      2.789      1.607      0.108      -0.985       9.948
x9             3.5143      2.726      1.289      0.197      -1.828       8.856
x10            0.8885      2.875      0.309      0.757      -4.747       6.524
==============================================================================

--- metrics ---
[0 0 0 ... 0 0 0]
         Recall  Precision  Accuracy  F1-score
train  0.011529   0.481481  0.771131  0.022519
test   0.011536   0.571429  0.775633  0.022615
