START of jPCA/KPCA/SNPversion/kPCA_glm_pheno_statsmodels.py
Index(['FID', 'IID', 'PID', 'MID', 'sex', 'pheno', 'PC1', 'PC2', 'PC3', 'PC4',
       'PC5', 'PC6', 'PC7', 'PC8', 'PC9', 'PC10', 'hgdpPC1', 'hgdpPC2',
       'hgdpPC3', 'hgdpPC4', 'Site', 'Project', 'cohort', 'SequencingCentre',
       'Grouping'],
      dtype='object')
Phenos: [0 1]
Scores matrix shape:  (30820, 10)
Training set size: 24656
Test set size: 6164
------------statsmodels binomial glm------------------
          Coef.  Std.Err.          z     P>|z|    [0.025    0.975]
const -1.216430  0.015172 -80.173588  0.000000 -1.246168 -1.186693
x1     0.242926  0.146941   1.653229  0.098284 -0.045072  0.530925
x2     0.236533  0.273018   0.866364  0.386291 -0.298573  0.771639
x3    -0.052199  0.279524  -0.186742  0.851863 -0.600056  0.495658
x4    -0.145821  0.281810  -0.517444  0.604846 -0.698158  0.406516
x5    -0.307029  0.289947  -1.058914  0.289639 -0.875314  0.261256
x6    -0.111325  0.306343  -0.363400  0.716306 -0.711746  0.489096
x7     0.419847  0.307701   1.364462  0.172422 -0.183237  1.022930
x8    -0.199072  0.310557  -0.641017  0.521511 -0.807753  0.409608
x9     0.284414  0.317248   0.896504  0.369984 -0.337381  0.906209
x10    0.439016  0.330022   1.330260  0.183432 -0.207816  1.085847
                 Generalized Linear Model Regression Results                  
==============================================================================
Dep. Variable:                      y   No. Observations:                24656
Model:                            GLM   Df Residuals:                    24645
Model Family:                Binomial   Df Model:                           10
Link Function:                  logit   Scale:                          1.0000
Method:                          IRLS   Log-Likelihood:                -13252.
Date:                Thu, 06 Aug 2020   Deviance:                       26503.
Time:                        14:15:13   Pearson chi2:                 2.47e+04
No. Iterations:                     5                                         
Covariance Type:            nonrobust                                         
==============================================================================
                 coef    std err          z      P>|z|      [0.025      0.975]
------------------------------------------------------------------------------
const         -1.2164      0.015    -80.174      0.000      -1.246      -1.187
x1             0.2429      0.147      1.653      0.098      -0.045       0.531
x2             0.2365      0.273      0.866      0.386      -0.299       0.772
x3            -0.0522      0.280     -0.187      0.852      -0.600       0.496
x4            -0.1458      0.282     -0.517      0.605      -0.698       0.407
x5            -0.3070      0.290     -1.059      0.290      -0.875       0.261
x6            -0.1113      0.306     -0.363      0.716      -0.712       0.489
x7             0.4198      0.308      1.364      0.172      -0.183       1.023
x8            -0.1991      0.311     -0.641      0.522      -0.808       0.410
x9             0.2844      0.317      0.897      0.370      -0.337       0.906
x10            0.4390      0.330      1.330      0.183      -0.208       1.086
==============================================================================

--- metrics ---
[0 0 0 ... 0 0 0]
       Recall  Precision  Accuracy  F1-score
train     0.0        0.0  0.771334       0.0
test      0.0        0.0  0.774984       0.0
END of jPCA/KPCA/SNPversion/kPCA_glm_pheno_statsmodels.py
