Glm with phenotype; SNP version; common vars

Index(['FID', 'IID', 'PID', 'MID', 'sex', 'pheno', 'PC1', 'PC2', 'PC3', 'PC4',
       'PC5', 'PC6', 'PC7', 'PC8', 'PC9', 'PC10', 'hgdpPC1', 'hgdpPC2',
       'hgdpPC3', 'hgdpPC4', 'Site', 'Project', 'cohort', 'SequencingCentre',
       'Grouping'],
      dtype='object')
Phenos: [0 1]
Scores matrix shape:  (30820, 10)
Training set size: 24656
Test set size: 6164
------------statsmodels binomial glm------------------
          Coef.  Std.Err.          z     P>|z|    [0.025    0.975]
const -1.216729  0.015176 -80.176905  0.000000 -1.246473 -1.186986
x1     0.271872  0.155813   1.744856  0.081010 -0.033517  0.577260
x2    -0.164508  0.436977  -0.376470  0.706568 -1.020967  0.691950
x3    -0.495050  0.603099  -0.820843  0.411736 -1.677102  0.687003
x4    -0.266312  0.799616  -0.333050  0.739097 -1.833530  1.300906
x5    -0.118814  0.877981  -0.135326  0.892354 -1.839624  1.601996
x6     1.825133  0.886457   2.058906  0.039503  0.087708  3.562557
x7    -0.944310  0.944531  -0.999766  0.317424 -2.795556  0.906936
x8     0.806386  0.951012   0.847924  0.396480 -1.057563  2.670335
x9     0.000435  0.971993   0.000448  0.999643 -1.904637  1.905507
x10   -1.201675  1.011714  -1.187762  0.234927 -3.184597  0.781248
                 Generalized Linear Model Regression Results                  
==============================================================================
Dep. Variable:                      y   No. Observations:                24656
Model:                            GLM   Df Residuals:                    24645
Model Family:                Binomial   Df Model:                           10
Link Function:                  logit   Scale:                          1.0000
Method:                          IRLS   Log-Likelihood:                -13251.
Date:                Fri, 31 Jul 2020   Deviance:                       26502.
Time:                        17:13:59   Pearson chi2:                 2.47e+04
No. Iterations:                     5                                         
Covariance Type:            nonrobust                                         
==============================================================================
                 coef    std err          z      P>|z|      [0.025      0.975]
------------------------------------------------------------------------------
const         -1.2167      0.015    -80.177      0.000      -1.246      -1.187
x1             0.2719      0.156      1.745      0.081      -0.034       0.577
x2            -0.1645      0.437     -0.376      0.707      -1.021       0.692
x3            -0.4950      0.603     -0.821      0.412      -1.677       0.687
x4            -0.2663      0.800     -0.333      0.739      -1.834       1.301
x5            -0.1188      0.878     -0.135      0.892      -1.840       1.602
x6             1.8251      0.886      2.059      0.040       0.088       3.563
x7            -0.9443      0.945     -1.000      0.317      -2.796       0.907
x8             0.8064      0.951      0.848      0.396      -1.058       2.670
x9             0.0004      0.972      0.000      1.000      -1.905       1.906
x10           -1.2017      1.012     -1.188      0.235      -3.185       0.781
==============================================================================

--- metrics ---
[0 0 0 ... 0 0 0]
       Recall  Precision  Accuracy  F1-score
train     0.0        0.0  0.771334       0.0
test      0.0        0.0  0.774984       0.0
