chunknumber: 134
chunksize: 10000
leftover: 3816
minvar: 1
Submitted batch job 2962309
minvar: 10001
Submitted batch job 2962310
minvar: 20001
Submitted batch job 2962311
minvar: 30001
Submitted batch job 2962312
minvar: 40001
Submitted batch job 2962313
minvar: 50001
Submitted batch job 2962314
minvar: 60001
Submitted batch job 2962316
minvar: 70001
Submitted batch job 2962317
minvar: 80001
Submitted batch job 2962319
minvar: 90001
Submitted batch job 2962320
minvar: 100001
Submitted batch job 2962321
minvar: 110001
Submitted batch job 2962322
minvar: 120001
Submitted batch job 2962324
minvar: 130001
Submitted batch job 2962325
minvar: 140001
Submitted batch job 2962326
minvar: 150001
Submitted batch job 2962327
minvar: 160001
Submitted batch job 2962328
minvar: 170001
Submitted batch job 2962329
minvar: 180001
Submitted batch job 2962330
minvar: 190001
Submitted batch job 2962332
minvar: 200001
Submitted batch job 2962334
minvar: 210001
Submitted batch job 2962335
minvar: 220001
Submitted batch job 2962337
minvar: 230001
Submitted batch job 2962338
minvar: 240001
Submitted batch job 2962340
minvar: 250001
Submitted batch job 2962341
minvar: 260001
Submitted batch job 2962343
minvar: 270001
Submitted batch job 2962344
minvar: 280001
Submitted batch job 2962345
minvar: 290001
Submitted batch job 2962347
minvar: 300001
Submitted batch job 2962348
minvar: 310001
Submitted batch job 2962349
minvar: 320001
Submitted batch job 2962351
minvar: 330001
Submitted batch job 2962353
minvar: 340001
Submitted batch job 2962354
minvar: 350001
Submitted batch job 2962355
minvar: 360001
Submitted batch job 2962357
minvar: 370001
Submitted batch job 2962358
minvar: 380001
Submitted batch job 2962359
minvar: 390001
Submitted batch job 2962360
minvar: 400001
Submitted batch job 2962362
minvar: 410001
Submitted batch job 2962363
minvar: 420001
Submitted batch job 2962365
minvar: 430001
Submitted batch job 2962366
minvar: 440001
Submitted batch job 2962368
minvar: 450001
Submitted batch job 2962369
minvar: 460001
Submitted batch job 2962371
minvar: 470001
Submitted batch job 2962373
minvar: 480001
Submitted batch job 2962375
minvar: 490001
Submitted batch job 2962377
minvar: 500001
Submitted batch job 2962378
minvar: 510001
Submitted batch job 2962380
minvar: 520001
Submitted batch job 2962381
minvar: 530001
Submitted batch job 2962383
minvar: 540001
Submitted batch job 2962384
minvar: 550001
Submitted batch job 2962386
minvar: 560001
Submitted batch job 2962388
minvar: 570001
Submitted batch job 2962390
minvar: 580001
Submitted batch job 2962392
minvar: 590001
Submitted batch job 2962393
minvar: 600001
Submitted batch job 2962394
minvar: 610001
Submitted batch job 2962396
minvar: 620001
Submitted batch job 2962397
minvar: 630001
Submitted batch job 2962398
minvar: 640001
Submitted batch job 2962400
minvar: 650001
Submitted batch job 2962401
minvar: 660001
Submitted batch job 2962403
minvar: 670001
Submitted batch job 2962404
minvar: 680001
Submitted batch job 2962406
minvar: 690001
Submitted batch job 2962408
minvar: 700001
Submitted batch job 2962410
minvar: 710001
Submitted batch job 2962412
minvar: 720001
Submitted batch job 2962413
minvar: 730001
Submitted batch job 2962415
minvar: 740001
Submitted batch job 2962416
minvar: 750001
Submitted batch job 2962418
minvar: 760001
Submitted batch job 2962419
minvar: 770001
Submitted batch job 2962421
minvar: 780001
Submitted batch job 2962423
minvar: 790001
Submitted batch job 2962424
minvar: 800001
Submitted batch job 2962426
minvar: 810001
Submitted batch job 2962427
minvar: 820001
Submitted batch job 2962429
minvar: 830001
Submitted batch job 2962430
minvar: 840001
Submitted batch job 2962432
minvar: 850001
Submitted batch job 2962433
minvar: 860001
Submitted batch job 2962434
minvar: 870001
Submitted batch job 2962436
minvar: 880001
Submitted batch job 2962437
minvar: 890001
Submitted batch job 2962439
minvar: 900001
Submitted batch job 2962441
minvar: 910001
Submitted batch job 2962442
minvar: 920001
Submitted batch job 2962444
minvar: 930001
Submitted batch job 2962445
minvar: 940001
Submitted batch job 2962447
minvar: 950001
Submitted batch job 2962449
minvar: 960001
Submitted batch job 2962450
minvar: 970001
Submitted batch job 2962452
minvar: 980001
Submitted batch job 2962453
minvar: 990001
Submitted batch job 2962455
minvar: 1000001
Submitted batch job 2962456
minvar: 1010001
Submitted batch job 2962457
minvar: 1020001
Submitted batch job 2962459
minvar: 1030001
Submitted batch job 2962460
minvar: 1040001
Submitted batch job 2962462
minvar: 1050001
Submitted batch job 2962463
minvar: 1060001
Submitted batch job 2962464
minvar: 1070001
Submitted batch job 2962466
minvar: 1080001
Submitted batch job 2962467
minvar: 1090001
Submitted batch job 2962468
minvar: 1100001
Submitted batch job 2962470
minvar: 1110001
Submitted batch job 2962471
minvar: 1120001
Submitted batch job 2962472
minvar: 1130001
Submitted batch job 2962474
minvar: 1140001
Submitted batch job 2962475
minvar: 1150001
Submitted batch job 2962476
minvar: 1160001
Submitted batch job 2962478
minvar: 1170001
Submitted batch job 2962479
minvar: 1180001
Submitted batch job 2962480
minvar: 1190001
Submitted batch job 2962481
minvar: 1200001
Submitted batch job 2962482
minvar: 1210001
Submitted batch job 2962483
minvar: 1220001
Submitted batch job 2962484
minvar: 1230001
Submitted batch job 2962485
minvar: 1240001
Submitted batch job 2962486
minvar: 1250001
Submitted batch job 2962487
minvar: 1260001
Submitted batch job 2962488
minvar: 1270001
Submitted batch job 2962489
minvar: 1280001
Submitted batch job 2962491
minvar: 1290001
Submitted batch job 2962492
minvar: 1300001
Submitted batch job 2962494
minvar: 1310001
Submitted batch job 2962495
minvar: 1320001
Submitted batch job 2962496
minvar: 1330001
Submitted batch job 2962498
1340001
Submitted batch job 2962499
