[1] "chunknumber:"
[1] 134
[1] "chunksize:"
[1] 10000
[1] "minvars length:"
[1] 135
[1] "minvars:"
[[1]]
[1] 1

[[2]]
[1] 10001

[[3]]
[1] 20001

[[4]]
[1] 30001

[[5]]
[1] 40001

[[6]]
[1] 50001

[[7]]
[1] 60001

[[8]]
[1] 70001

[[9]]
[1] 80001

[[10]]
[1] 90001

[[11]]
[1] 100001

[[12]]
[1] 110001

[[13]]
[1] 120001

[[14]]
[1] 130001

[[15]]
[1] 140001

[[16]]
[1] 150001

[[17]]
[1] 160001

[[18]]
[1] 170001

[[19]]
[1] 180001

[[20]]
[1] 190001

[[21]]
[1] 200001

[[22]]
[1] 210001

[[23]]
[1] 220001

[[24]]
[1] 230001

[[25]]
[1] 240001

[[26]]
[1] 250001

[[27]]
[1] 260001

[[28]]
[1] 270001

[[29]]
[1] 280001

[[30]]
[1] 290001

[[31]]
[1] 300001

[[32]]
[1] 310001

[[33]]
[1] 320001

[[34]]
[1] 330001

[[35]]
[1] 340001

[[36]]
[1] 350001

[[37]]
[1] 360001

[[38]]
[1] 370001

[[39]]
[1] 380001

[[40]]
[1] 390001

[[41]]
[1] 400001

[[42]]
[1] 410001

[[43]]
[1] 420001

[[44]]
[1] 430001

[[45]]
[1] 440001

[[46]]
[1] 450001

[[47]]
[1] 460001

[[48]]
[1] 470001

[[49]]
[1] 480001

[[50]]
[1] 490001

[[51]]
[1] 500001

[[52]]
[1] 510001

[[53]]
[1] 520001

[[54]]
[1] 530001

[[55]]
[1] 540001

[[56]]
[1] 550001

[[57]]
[1] 560001

[[58]]
[1] 570001

[[59]]
[1] 580001

[[60]]
[1] 590001

[[61]]
[1] 600001

[[62]]
[1] 610001

[[63]]
[1] 620001

[[64]]
[1] 630001

[[65]]
[1] 640001

[[66]]
[1] 650001

[[67]]
[1] 660001

[[68]]
[1] 670001

[[69]]
[1] 680001

[[70]]
[1] 690001

[[71]]
[1] 700001

[[72]]
[1] 710001

[[73]]
[1] 720001

[[74]]
[1] 730001

[[75]]
[1] 740001

[[76]]
[1] 750001

[[77]]
[1] 760001

[[78]]
[1] 770001

[[79]]
[1] 780001

[[80]]
[1] 790001

[[81]]
[1] 800001

[[82]]
[1] 810001

[[83]]
[1] 820001

[[84]]
[1] 830001

[[85]]
[1] 840001

[[86]]
[1] 850001

[[87]]
[1] 860001

[[88]]
[1] 870001

[[89]]
[1] 880001

[[90]]
[1] 890001

[[91]]
[1] 900001

[[92]]
[1] 910001

[[93]]
[1] 920001

[[94]]
[1] 930001

[[95]]
[1] 940001

[[96]]
[1] 950001

[[97]]
[1] 960001

[[98]]
[1] 970001

[[99]]
[1] 980001

[[100]]
[1] 990001

[[101]]
[1] 1000001

[[102]]
[1] 1010001

[[103]]
[1] 1020001

[[104]]
[1] 1030001

[[105]]
[1] 1040001

[[106]]
[1] 1050001

[[107]]
[1] 1060001

[[108]]
[1] 1070001

[[109]]
[1] 1080001

[[110]]
[1] 1090001

[[111]]
[1] 1100001

[[112]]
[1] 1110001

[[113]]
[1] 1120001

[[114]]
[1] 1130001

[[115]]
[1] 1140001

[[116]]
[1] 1150001

[[117]]
[1] 1160001

[[118]]
[1] 1170001

[[119]]
[1] 1180001

[[120]]
[1] 1190001

[[121]]
[1] 1200001

[[122]]
[1] 1210001

[[123]]
[1] 1220001

[[124]]
[1] 1230001

[[125]]
[1] 1240001

[[126]]
[1] 1250001

[[127]]
[1] 1260001

[[128]]
[1] 1270001

[[129]]
[1] 1280001

[[130]]
[1] 1290001

[[131]]
[1] 1300001

[[132]]
[1] 1310001

[[133]]
[1] 1320001

[[134]]
[1] 1330001

[[135]]
[1] 1340001

[1] "Current minvar:"
[1] 1
[1] "Current minvar:"
[1] 10001
[1] "Current minvar:"
[1] 20001
[1] "Current minvar:"
[1] 30001
[1] "Current minvar:"
[1] 40001
[1] "Current minvar:"
[1] 50001
[1] "Current minvar:"
[1] 60001
[1] "Current minvar:"
[1] 70001
[1] "Current minvar:"
[1] 80001
[1] "Current minvar:"
[1] 90001
[1] "Current minvar:"
[1] 100001
[1] "Current minvar:"
[1] 110001
[1] "Current minvar:"
[1] 120001
[1] "Current minvar:"
[1] 130001
[1] "Current minvar:"
[1] 140001
[1] "Current minvar:"
[1] 150001
[1] "Current minvar:"
[1] 160001
[1] "Current minvar:"
[1] 170001
[1] "Current minvar:"
[1] 180001
[1] "Current minvar:"
[1] 190001
[1] "Current minvar:"
[1] 200001
[1] "Current minvar:"
[1] 210001
[1] "Current minvar:"
[1] 220001
[1] "Current minvar:"
[1] 230001
[1] "Current minvar:"
[1] 240001
[1] "Current minvar:"
[1] 250001
[1] "Current minvar:"
[1] 260001
[1] "Current minvar:"
[1] 270001
[1] "Current minvar:"
[1] 280001
[1] "Current minvar:"
[1] 290001
[1] "Current minvar:"
[1] 300001
[1] "Current minvar:"
[1] 310001
[1] "Current minvar:"
[1] 320001
[1] "Current minvar:"
[1] 330001
[1] "Current minvar:"
[1] 340001
[1] "Current minvar:"
[1] 350001
[1] "Current minvar:"
[1] 360001
[1] "Current minvar:"
[1] 370001
[1] "Current minvar:"
[1] 380001
[1] "Current minvar:"
[1] 390001
[1] "Current minvar:"
[1] 400001
[1] "Current minvar:"
[1] 410001
[1] "Current minvar:"
[1] 420001
[1] "Current minvar:"
[1] 430001
[1] "Current minvar:"
[1] 440001
[1] "Current minvar:"
[1] 450001
[1] "Current minvar:"
[1] 460001
[1] "Current minvar:"
[1] 470001
[1] "Current minvar:"
[1] 480001
[1] "Current minvar:"
[1] 490001
[1] "Current minvar:"
[1] 500001
[1] "Current minvar:"
[1] 510001
[1] "Current minvar:"
[1] 520001
[1] "Current minvar:"
[1] 530001
[1] "Current minvar:"
[1] 540001
[1] "Current minvar:"
[1] 550001
[1] "Current minvar:"
[1] 560001
[1] "Current minvar:"
[1] 570001
[1] "Current minvar:"
[1] 580001
[1] "Current minvar:"
[1] 590001
[1] "Current minvar:"
[1] 600001
[1] "Current minvar:"
[1] 610001
[1] "Current minvar:"
[1] 620001
[1] "Current minvar:"
[1] 630001
[1] "Current minvar:"
[1] 640001
[1] "Current minvar:"
[1] 650001
[1] "Current minvar:"
[1] 660001
[1] "Current minvar:"
[1] 670001
[1] "Current minvar:"
[1] 680001
[1] "Current minvar:"
[1] 690001
[1] "Current minvar:"
[1] 700001
[1] "Current minvar:"
[1] 710001
[1] "Current minvar:"
[1] 720001
[1] "Current minvar:"
[1] 730001
[1] "Current minvar:"
[1] 740001
[1] "Current minvar:"
[1] 750001
[1] "Current minvar:"
[1] 760001
[1] "Current minvar:"
[1] 770001
[1] "Current minvar:"
[1] 780001
[1] "Current minvar:"
[1] 790001
[1] "Current minvar:"
[1] 800001
[1] "Current minvar:"
[1] 810001
[1] "Current minvar:"
[1] 820001
[1] "Current minvar:"
[1] 830001
[1] "Current minvar:"
[1] 840001
[1] "Current minvar:"
[1] 850001
[1] "Current minvar:"
[1] 860001
[1] "Current minvar:"
[1] 870001
[1] "Current minvar:"
[1] 880001
[1] "Current minvar:"
[1] 890001
[1] "Current minvar:"
[1] 900001
[1] "Current minvar:"
[1] 910001
[1] "Current minvar:"
[1] 920001
[1] "Current minvar:"
[1] 930001
[1] "Current minvar:"
[1] 940001
[1] "Current minvar:"
[1] 950001
[1] "Current minvar:"
[1] 960001
[1] "Current minvar:"
[1] 970001
[1] "Current minvar:"
[1] 980001
[1] "Current minvar:"
[1] 990001
[1] "Current minvar:"
[1] 1000001
[1] "Current minvar:"
[1] 1010001
[1] "Current minvar:"
[1] 1020001
[1] "Current minvar:"
[1] 1030001
[1] "Current minvar:"
[1] 1040001
[1] "Current minvar:"
[1] 1050001
[1] "Current minvar:"
[1] 1060001
[1] "Current minvar:"
[1] 1070001
[1] "Current minvar:"
[1] 1080001
[1] "Current minvar:"
[1] 1090001
[1] "Current minvar:"
[1] 1100001
[1] "Current minvar:"
[1] 1110001
[1] "Current minvar:"
[1] 1120001
[1] "Current minvar:"
[1] 1130001
[1] "Current minvar:"
[1] 1140001
[1] "Current minvar:"
[1] 1150001
[1] "Current minvar:"
[1] 1160001
[1] "Current minvar:"
[1] 1170001
[1] "Current minvar:"
[1] 1180001
[1] "Current minvar:"
[1] 1190001
[1] "Current minvar:"
[1] 1200001
[1] "Current minvar:"
[1] 1210001
[1] "Current minvar:"
[1] 1220001
[1] "Current minvar:"
[1] 1230001
[1] "Current minvar:"
[1] 1240001
[1] "Current minvar:"
[1] 1250001
[1] "Current minvar:"
[1] 1260001
[1] "Current minvar:"
[1] 1270001
[1] "Current minvar:"
[1] 1280001
[1] "Current minvar:"
[1] 1290001
[1] "Current minvar:"
[1] 1300001
[1] "Current minvar:"
[1] 1310001
[1] "Current minvar:"
[1] 1320001
[1] "Current minvar:"
[1] 1330001
[1] "Current minvar:"
[1] 1340001
[1] "loop end"
[1] "number of nas:"
[1] 0
[1] "number of non-nas:"
[1] 949872400
[1] "nas have been cleaned. Writing file..."
[1] "END"
