Index(['FID', 'IID', 'PID', 'MID', 'sex', 'pheno', 'PC1', 'PC2', 'PC3', 'PC4',
       'PC5', 'PC6', 'PC7', 'PC8', 'PC9', 'PC10', 'hgdpPC1', 'hgdpPC2',
       'hgdpPC3', 'hgdpPC4', 'Site', 'Project', 'cohort', 'SequencingCentre',
       'Grouping'],
      dtype='object')
Phenos: [0 1]
Scores matrix shape:  (100, 5)
Training set size: 80
Test set size: 20
------------statsmodels binomial glm------------------
          Coef.  Std.Err.         z     P>|z|    [0.025    0.975]
const -1.409787  0.304232 -4.633923  0.000004 -2.006071 -0.813504
x1    -1.448489  3.211033 -0.451097  0.651919 -7.741997  4.845020
x2     3.279861  2.041988  1.606210  0.108228 -0.722362  7.282085
x3     2.064043  2.563770  0.805081  0.420773 -2.960855  7.088941
x4     0.320445  2.552891  0.125522  0.900110 -4.683129  5.324019
x5    -1.871696  2.858294 -0.654830  0.512578 -7.473849  3.730458
                 Generalized Linear Model Regression Results                  
==============================================================================
Dep. Variable:                      y   No. Observations:                   80
Model:                            GLM   Df Residuals:                       74
Model Family:                Binomial   Df Model:                            5
Link Function:                  logit   Scale:                          1.0000
Method:                          IRLS   Log-Likelihood:                -39.445
Date:                Thu, 02 Jul 2020   Deviance:                       78.891
Time:                        12:24:54   Pearson chi2:                     78.7
No. Iterations:                     4                                         
Covariance Type:            nonrobust                                         
==============================================================================
                 coef    std err          z      P>|z|      [0.025      0.975]
------------------------------------------------------------------------------
const         -1.4098      0.304     -4.634      0.000      -2.006      -0.814
x1            -1.4485      3.211     -0.451      0.652      -7.742       4.845
x2             3.2799      2.042      1.606      0.108      -0.722       7.282
x3             2.0640      2.564      0.805      0.421      -2.961       7.089
x4             0.3204      2.553      0.126      0.900      -4.683       5.324
x5            -1.8717      2.858     -0.655      0.513      -7.474       3.730
==============================================================================

--- metrics ---
[1 0 0 0 0 0 0 0 0 0 0 0 0 1 0 0 0 0 0 0 1 0 0 0 0 1 0 0 0 0 0 0 0 0 0 0 1
 0 0 1 1 0 0 0 0 0 1 0 0 1 0 0 0 0 0 1 0 0 0 0 1 0 0 1 0 1 0 0 0 0 0 1 1 1
 1 0 0 0 0 0]
         Recall  Precision  Accuracy  F1-score
train  0.117647   0.666667      0.80       0.2
test   0.000000   0.000000      0.85       0.0
