Generating NOT rounded matrix...
Generating Jaccard similarity matrix and heatmap...

------ Importing the genotype matrix ---------
Matrix shape: (100, 12802)
Matrix corner:
[[0. 0. 0. 0.]
 [0. 0. 0. 0.]
 [0. 0. 0. 0.]
 [0. 0. 1. 0.]]
Data corner:
   gene_0  gene_1  gene_2  gene_3
0     0.0     0.0     0.0     0.0
1     0.0     0.0     0.0     0.0
2     0.0     0.0     0.0     0.0
3     0.0     0.0     1.0     0.0


Data description:
       gene_0  gene_1  gene_2  ...    gene_12799  gene_12800  gene_12801
count   100.0   100.0  100.00  ...  1.000000e+02       100.0  100.000000
mean      0.0     0.0    0.01  ...  3.245805e-07         0.0    0.000005
std       0.0     0.0    0.10  ...  3.245805e-06         0.0    0.000018
min       0.0     0.0    0.00  ...  0.000000e+00         0.0    0.000000
25%       0.0     0.0    0.00  ...  0.000000e+00         0.0    0.000000
50%       0.0     0.0    0.00  ...  0.000000e+00         0.0    0.000000
75%       0.0     0.0    0.00  ...  0.000000e+00         0.0    0.000000
max       0.0     0.0    1.00  ...  3.245805e-05         0.0    0.000099

[8 rows x 12802 columns]


Min matrix value: 0.0, Max matrix value: 2.0

------ Constructing the (generalized) Jaccard matrix ---------
Genotype matrix:
 [[0.00000000e+00 0.00000000e+00 0.00000000e+00 ... 0.00000000e+00
  0.00000000e+00 0.00000000e+00]
 [0.00000000e+00 0.00000000e+00 0.00000000e+00 ... 0.00000000e+00
  0.00000000e+00 0.00000000e+00]
 [0.00000000e+00 0.00000000e+00 0.00000000e+00 ... 0.00000000e+00
  0.00000000e+00 0.00000000e+00]
 ...
 [0.00000000e+00 0.00000000e+00 0.00000000e+00 ... 0.00000000e+00
  0.00000000e+00 0.00000000e+00]
 [0.00000000e+00 0.00000000e+00 0.00000000e+00 ... 0.00000000e+00
  0.00000000e+00 6.62339383e-05]
 [0.00000000e+00 0.00000000e+00 0.00000000e+00 ... 0.00000000e+00
  0.00000000e+00 0.00000000e+00]]
Upper left OG sim matrix corner: [[1.         0.50497018 0.4996337  0.50096837 0.49808673 0.39985218
  0.39306785 0.46860542 0.40842912 0.4562212 ]
 [0.50497018 1.         0.48229462 0.51754946 0.50062735 0.37319885
  0.38288615 0.48060487 0.37694013 0.45876289]
 [0.4996337  0.48229462 1.         0.45560109 0.46558704 0.38638228
  0.39883914 0.46888567 0.43546971 0.44247159]
 [0.50096837 0.51754946 0.45560109 1.         0.51545117 0.3660221
  0.36162871 0.46764894 0.37018545 0.46383249]
 [0.49808673 0.50062735 0.46558704 0.51545117 1.         0.37414966
  0.37568306 0.46658339 0.37099024 0.45448878]
 [0.39985218 0.37319885 0.38638228 0.3660221  0.37414966 1.
  0.56834532 0.39446108 0.52892562 0.38724036]
 [0.39306785 0.38288615 0.39883914 0.36162871 0.37568306 0.56834532
  1.         0.40285071 0.5087001  0.38081181]
 [0.46860542 0.48060487 0.46888567 0.46764894 0.46658339 0.39446108
  0.40285071 1.         0.40975988 0.49360269]
 [0.40842912 0.37694013 0.43546971 0.37018545 0.37099024 0.52892562
  0.5087001  0.40975988 1.         0.38871951]
 [0.4562212  0.45876289 0.44247159 0.46383249 0.45448878 0.38724036
  0.38081181 0.49360269 0.38871951 1.        ]]
Lower right OG sim matrix corner: [[1.         0.23040996 0.29194459 0.22623967 0.33742331 0.33486473
  0.24679323 0.26266319 0.40532544 0.28383838]
 [0.23040996 1.         0.49850746 0.55260116 0.43098842 0.42568162
  0.46618106 0.55793026 0.36549708 0.45549242]
 [0.29194459 0.49850746 1.         0.47957198 0.45737705 0.42879873
  0.44424297 0.54689042 0.42617215 0.46723404]
 [0.22623967 0.55260116 0.47957198 1.         0.42592593 0.40600858
  0.48592284 0.54835165 0.36250912 0.43093923]
 [0.33742331 0.43098842 0.45737705 0.42592593 1.         0.47670807
  0.46580087 0.45470383 0.48518263 0.41217799]
 [0.33486473 0.42568162 0.42879873 0.40600858 0.47670807 1.
  0.45029737 0.42844901 0.45246123 0.39400922]
 [0.24679323 0.46618106 0.44424297 0.48592284 0.46580087 0.45029737
  1.         0.46314741 0.39598278 0.39965398]
 [0.26266319 0.55793026 0.54689042 0.54835165 0.45470383 0.42844901
  0.46314741 1.         0.39737991 0.46464646]
 [0.40532544 0.36549708 0.42617215 0.36250912 0.48518263 0.45246123
  0.39598278 0.39737991 1.         0.39769648]
 [0.28383838 0.45549242 0.46723404 0.43093923 0.41217799 0.39400922
  0.39965398 0.46464646 0.39769648 1.        ]]
Generating Jaccard histogram...

------ Histogram of generalized Jaccard scores---------
upper left corner imported sim matrix: [[1.         0.50497018 0.4996337  0.50096837 0.49808673 0.39985218
  0.39306785 0.46860542 0.40842912 0.4562212 ]
 [0.50497018 1.         0.48229462 0.51754946 0.50062735 0.37319885
  0.38288615 0.48060487 0.37694013 0.45876289]
 [0.4996337  0.48229462 1.         0.45560109 0.46558704 0.38638228
  0.39883914 0.46888567 0.43546971 0.44247159]
 [0.50096837 0.51754946 0.45560109 1.         0.51545117 0.3660221
  0.36162871 0.46764894 0.37018545 0.46383249]
 [0.49808673 0.50062735 0.46558704 0.51545117 1.         0.37414966
  0.37568306 0.46658339 0.37099024 0.45448878]
 [0.39985218 0.37319885 0.38638228 0.3660221  0.37414966 1.
  0.56834532 0.39446108 0.52892562 0.38724036]
 [0.39306785 0.38288615 0.39883914 0.36162871 0.37568306 0.56834532
  1.         0.40285071 0.5087001  0.38081181]
 [0.46860542 0.48060487 0.46888567 0.46764894 0.46658339 0.39446108
  0.40285071 1.         0.40975988 0.49360269]
 [0.40842912 0.37694013 0.43546971 0.37018545 0.37099024 0.52892562
  0.5087001  0.40975988 1.         0.38871951]
 [0.4562212  0.45876289 0.44247159 0.46383249 0.45448878 0.38724036
  0.38081181 0.49360269 0.38871951 1.        ]]
lower left corner imported sim matrix: [[1.         0.23040996 0.29194459 0.22623967 0.33742331 0.33486473
  0.24679323 0.26266319 0.40532544 0.28383838]
 [0.23040996 1.         0.49850746 0.55260116 0.43098842 0.42568162
  0.46618106 0.55793026 0.36549708 0.45549242]
 [0.29194459 0.49850746 1.         0.47957198 0.45737705 0.42879873
  0.44424297 0.54689042 0.42617215 0.46723404]
 [0.22623967 0.55260116 0.47957198 1.         0.42592593 0.40600858
  0.48592284 0.54835165 0.36250912 0.43093923]
 [0.33742331 0.43098842 0.45737705 0.42592593 1.         0.47670807
  0.46580087 0.45470383 0.48518263 0.41217799]
 [0.33486473 0.42568162 0.42879873 0.40600858 0.47670807 1.
  0.45029737 0.42844901 0.45246123 0.39400922]
 [0.24679323 0.46618106 0.44424297 0.48592284 0.46580087 0.45029737
  1.         0.46314741 0.39598278 0.39965398]
 [0.26266319 0.55793026 0.54689042 0.54835165 0.45470383 0.42844901
  0.46314741 1.         0.39737991 0.46464646]
 [0.40532544 0.36549708 0.42617215 0.36250912 0.48518263 0.45246123
  0.39598278 0.39737991 1.         0.39769648]
 [0.28383838 0.45549242 0.46723404 0.43093923 0.41217799 0.39400922
  0.39965398 0.46464646 0.39769648 1.        ]]
