Similarity matrix shape: (100, 100)
Matrix corner:
[[1.         0.01538462 0.         0.07352941]
 [0.01538462 1.         0.01123596 0.0047619 ]
 [0.         0.01123596 1.         0.02030457]
 [0.07352941 0.0047619  0.02030457 1.        ]]
Data corner:
   similarity_with_individual_0  ...  similarity_with_individual_3
0                      1.000000  ...                      0.073529
1                      0.015385  ...                      0.004762
2                      0.000000  ...                      0.020305
3                      0.073529  ...                      1.000000

[4 rows x 4 columns]


Data description:
       similarity_with_individual_0  ...  similarity_with_individual_4
count                    100.000000  ...                    100.000000
mean                       0.020293  ...                      0.014897
std                        0.100786  ...                      0.099632
min                        0.000000  ...                      0.000000
25%                        0.000000  ...                      0.000000
50%                        0.005714  ...                      0.005666
75%                        0.007927  ...                      0.006927
max                        1.000000  ...                      1.000000

[8 rows x 5 columns]


Scaled data description:
       similarity_with_individual_0  ...  similarity_with_individual_4
count                  1.000000e+02  ...                  1.000000e+02
mean                   8.326673e-19  ...                 -9.506285e-17
std                    1.005038e+00  ...                  1.005038e+00
min                   -2.023623e-01  ...                 -1.502716e-01
25%                   -2.023623e-01  ...                 -1.502716e-01
50%                   -1.453794e-01  ...                 -9.311812e-02
75%                   -1.233153e-01  ...                 -8.039687e-02
max                    9.769631e+00  ...                  9.937229e+00

[8 rows x 5 columns]
(100, 100)


Loading vectors:
                                  phi_1     phi_2  ...    phi_99   phi_100
similarity_with_individual_0   0.245046 -0.058518  ... -0.003664  0.071569
similarity_with_individual_1  -0.018392 -0.027276  ...  0.013939  0.100488
similarity_with_individual_2  -0.020492 -0.023745  ...  0.001194  0.094380
similarity_with_individual_3   0.294170 -0.055814  ... -0.046578  0.055648
similarity_with_individual_4  -0.030797 -0.010007  ... -0.064430  0.099004
...                                 ...       ...  ...       ...       ...
similarity_with_individual_95 -0.022690  0.015445  ...  0.006487  0.107638
similarity_with_individual_96 -0.028649 -0.045743  ...  0.003219  0.104876
similarity_with_individual_97 -0.033603 -0.037588  ... -0.008133  0.107862
similarity_with_individual_98 -0.016951  0.013022  ...  0.000390  0.102558
similarity_with_individual_99 -0.017794 -0.030699  ...  0.045193  0.107070

[100 rows x 100 columns]


Scores (head):
   PC1_score  PC2_score  PC3_score  ...  PC98_score  PC99_score   PC100_score
0   3.849990  -0.830647  -0.431946  ...    0.007950   -0.034554  5.515099e-17
1  -0.540938  -0.424431  -0.661399  ...   -0.035599    0.108117  5.515099e-17
2  -0.570504  -0.376060  -0.484746  ...    0.329164    0.004538  5.515099e-17
3   4.685006  -0.791003  -0.163437  ...   -2.892072   -0.382871  5.515099e-17
4  -0.745552  -0.195134   0.288167  ...   -0.116859   -0.530341  5.515099e-17

[5 rows x 100 columns]


PVEs:
[2.74626965e-02 1.77154034e-02 1.31270709e-02 1.26898566e-02
 1.24739435e-02 1.23076055e-02 1.21615809e-02 1.19797844e-02
 1.18861424e-02 1.17860330e-02 1.16580379e-02 1.16190122e-02
 1.15263828e-02 1.14820824e-02 1.14042769e-02 1.13913746e-02
 1.13241836e-02 1.12546678e-02 1.12118775e-02 1.11468362e-02
 1.11018083e-02 1.10471700e-02 1.09636184e-02 1.08852094e-02
 1.08612923e-02 1.08180594e-02 1.07892369e-02 1.07549901e-02
 1.06952262e-02 1.06638146e-02 1.06132618e-02 1.05549703e-02
 1.05039342e-02 1.04905819e-02 1.04402266e-02 1.04099452e-02
 1.03921645e-02 1.03531809e-02 1.02912660e-02 1.02550029e-02
 1.01945561e-02 1.01405203e-02 1.01112253e-02 1.01041566e-02
 1.00291729e-02 1.00037792e-02 9.95897069e-03 9.93208657e-03
 9.86313585e-03 9.81949460e-03 9.81424871e-03 9.77407123e-03
 9.69608645e-03 9.68073696e-03 9.66710694e-03 9.59478465e-03
 9.59018995e-03 9.56114494e-03 9.52245720e-03 9.49916145e-03
 9.41853168e-03 9.39521035e-03 9.33131345e-03 9.31926618e-03
 9.28261272e-03 9.25258973e-03 9.23435512e-03 9.19266216e-03
 9.15422675e-03 9.12111876e-03 9.05564264e-03 9.04850624e-03
 9.00173945e-03 8.96319177e-03 8.84104035e-03 8.82099892e-03
 8.78238971e-03 8.77135470e-03 8.72832839e-03 8.64811971e-03
 8.63829321e-03 8.59074836e-03 8.54412343e-03 8.49512505e-03
 8.46482058e-03 8.41132923e-03 8.35115592e-03 8.31125693e-03
 8.24027516e-03 8.11821582e-03 8.08670514e-03 7.91625565e-03
 7.88505250e-03 7.74128367e-03 7.59090213e-03 7.56779377e-03
 7.24826819e-03 6.77836759e-03 6.60593326e-03 3.04163158e-35]
