Index(['FID', 'IID', 'PID', 'MID', 'sex', 'pheno', 'PC1', 'PC2', 'PC3', 'PC4',
       'PC5', 'PC6', 'PC7', 'PC8', 'PC9', 'PC10', 'hgdpPC1', 'hgdpPC2',
       'hgdpPC3', 'hgdpPC4', 'Site', 'Project', 'cohort', 'SequencingCentre',
       'Grouping'],
      dtype='object')
OG scores matrix shape: (30820, 10)
kpca pc scores matrix shape: (30820, 10)
[[ 1.00000000e+00 -6.75500042e-04  1.27961167e-04 -3.60191601e-05
  -7.24684102e-04 -6.95519586e-05 -2.80806474e-04  1.28590277e-03
   3.92683762e-04 -5.28276715e-04  3.46880465e-03  2.85803145e-03
   5.29350488e-03  9.19119692e-03  8.38940748e-03 -6.45486667e-03
  -5.43882675e-03  3.49116895e-03  4.74677975e-03  1.35839190e-03]
 [-6.75500042e-04  1.00000000e+00  9.77211903e-05  3.97817707e-05
   2.83667760e-04 -5.10060109e-04 -1.26433789e-05 -1.41261709e-04
   5.19073804e-04  6.76784300e-05 -4.52063340e-04 -1.56893555e-02
   1.84189968e-02 -7.61075725e-03 -2.81113259e-03  6.01280937e-03
  -1.67182421e-02 -8.57786392e-03  2.29748950e-03 -1.73135433e-03]
 [ 1.27961167e-04  9.77211903e-05  1.00000000e+00  4.57268443e-04
   7.70087008e-04  8.37471519e-05  2.79392874e-04 -1.07692804e-03
  -5.57554794e-04 -7.35063874e-04  3.13755976e-03  5.18264373e-03
  -9.99210077e-03  3.49210262e-04 -7.17604348e-04  1.89214104e-03
   7.08107085e-03 -3.63809267e-03  1.03757759e-03 -1.78670757e-03]
 [-3.60191601e-05  3.97817707e-05  4.57268443e-04  1.00000000e+00
   6.95964013e-04 -1.10336803e-03 -1.34956327e-04  1.57195784e-03
   4.80386291e-04  2.56433500e-04  6.58356157e-04  1.48676344e-04
  -8.74527935e-04 -5.83205233e-03  1.48796184e-03  2.12087391e-03
  -4.58141131e-03  7.11706936e-03 -7.72827406e-03 -3.79114245e-03]
 [-7.24684102e-04  2.83667760e-04  7.70087008e-04  6.95964013e-04
   1.00000000e+00 -3.75998732e-04 -6.06186108e-04  5.24174265e-04
  -1.39443310e-04 -2.53693578e-04  2.89076739e-03 -5.17847834e-03
  -2.80673535e-03 -6.27708403e-03 -3.41005473e-03 -5.47651956e-03
  -9.08757402e-03 -1.53294235e-03 -7.90614198e-03 -7.93184265e-03]
 [-6.95519586e-05 -5.10060109e-04  8.37471519e-05 -1.10336803e-03
  -3.75998732e-04  1.00000000e+00  1.38814565e-04  8.01996760e-04
   6.49783876e-04  1.83924242e-04 -4.73616006e-03 -1.06438860e-02
  -1.28336780e-03 -1.92860645e-04 -1.05116913e-02 -1.80205864e-03
   2.09319386e-03  4.68065028e-03 -2.04517965e-04 -2.16285278e-03]
 [-2.80806474e-04 -1.26433789e-05  2.79392874e-04 -1.34956327e-04
  -6.06186108e-04  1.38814565e-04  1.00000000e+00  1.27979994e-03
  -3.86289218e-04 -4.15716414e-04 -1.46143150e-03  2.20989875e-03
   1.97655065e-03  4.99532444e-03  4.50875803e-03 -3.65102882e-03
   9.23438442e-03 -4.57641015e-03  7.21890524e-04  4.27770448e-03]
 [ 1.28590277e-03 -1.41261709e-04 -1.07692804e-03  1.57195784e-03
   5.24174265e-04  8.01996760e-04  1.27979994e-03  1.00000000e+00
   9.82839332e-05  6.43509709e-04 -3.72082463e-03 -1.41566802e-04
  -7.90397058e-03  3.70340295e-03 -1.10366231e-02  1.06209007e-02
   1.92812630e-03  9.40596443e-04  5.77697081e-05 -7.53211545e-03]
 [ 3.92683762e-04  5.19073804e-04 -5.57554794e-04  4.80386291e-04
  -1.39443310e-04  6.49783876e-04 -3.86289218e-04  9.82839332e-05
   1.00000000e+00  9.25853532e-04  2.31799308e-04  3.56816542e-03
   3.78356541e-04  6.77700403e-03  6.87676251e-03 -3.14136727e-03
  -8.94048991e-03  3.77107596e-03 -3.37482470e-03 -2.07617273e-03]
 [-5.28276715e-04  6.76784300e-05 -7.35063874e-04  2.56433500e-04
  -2.53693578e-04  1.83924242e-04 -4.15716414e-04  6.43509709e-04
   9.25853532e-04  1.00000000e+00  1.79792907e-03  2.38713624e-03
   5.29952168e-03  5.10560157e-03  4.97893644e-03  6.43225552e-03
   1.02021298e-02 -2.81875765e-03 -3.26269384e-03  3.57818366e-05]]
