Similarity matrix shape: (30820, 30820)
Matrix corner:
[[1.         0.19778279 0.20651121 0.19846706]
 [0.19778279 1.         0.19393446 0.19354253]
 [0.20651121 0.19393446 1.         0.20740139]
 [0.19846706 0.19354253 0.20740139 1.        ]]
Data corner:
   similarity_with_individual_0  ...  similarity_with_individual_3
0                      1.000000  ...                      0.198467
1                      0.197783  ...                      0.193543
2                      0.206511  ...                      0.207401
3                      0.198467  ...                      1.000000

[4 rows x 4 columns]


Data description:
       similarity_with_individual_0  ...  similarity_with_individual_4
count                  30820.000000  ...                  30820.000000
mean                       0.187247  ...                      0.185630
std                        0.011955  ...                      0.011874
min                        0.155318  ...                      0.152670
25%                        0.184577  ...                      0.183194
50%                        0.190603  ...                      0.189074
75%                        0.194633  ...                      0.192899
max                        1.000000  ...                      1.000000

[8 rows x 5 columns]
X_kpca shape:  (30820, 30819)


Scores (head):
   PC1_score  PC2_score  PC3_score  ...  PC30817_score  PC30818_score  PC30819_score
0  -0.058959   0.069043   0.049047  ...      -0.005214      -0.002624      -0.002140
1  -0.052035   0.066724   0.036131  ...       0.005141       0.001851       0.001933
2  -0.058742   0.064781   0.037623  ...       0.000134      -0.001105      -0.005147
3  -0.059423   0.063829   0.030938  ...      -0.004074      -0.001229      -0.003583
4  -0.058573   0.067416   0.039945  ...      -0.001632       0.003900      -0.003878

[5 rows x 30819 columns]
