Similarity matrix shape: (503, 503)
Matrix corner:
[[1.         0.00217391 0.         0.00649351]
 [0.00217391 1.         0.01195219 0.01740812]
 [0.         0.01195219 1.         0.00986193]
 [0.00649351 0.01740812 0.00986193 1.        ]]
Data corner:
   similarity_with_individual_0  ...  similarity_with_individual_3
0                      1.000000  ...                      0.006494
1                      0.002174  ...                      0.017408
2                      0.000000  ...                      0.009862
3                      0.006494  ...                      1.000000

[4 rows x 4 columns]


Data description:
       similarity_with_individual_0  ...  similarity_with_individual_4
count                    503.000000  ...                    503.000000
mean                       0.005835  ...                      0.006180
std                        0.044527  ...                      0.044513
min                        0.000000  ...                      0.000000
25%                        0.002110  ...                      0.002058
50%                        0.003846  ...                      0.004073
75%                        0.006135  ...                      0.006116
max                        1.000000  ...                      1.000000

[8 rows x 5 columns]
X_kpca shape:  (503, 502)


Scores (head):
   PC1_score  PC2_score  PC3_score  ...  PC500_score  PC501_score  PC502_score
0  -0.021649   0.018836  -0.002192  ...     0.007287     0.001777    -0.030823
1  -0.019450   0.055171   0.010964  ...     0.008484     0.043486     0.048381
2  -0.025625   0.073785  -0.007263  ...    -0.019568     0.098931    -0.045341
3  -0.029014   0.091914   0.002434  ...     0.049271    -0.012163    -0.005967
4  -0.022066   0.099437  -0.023749  ...    -0.039717    -0.014771     0.028599

[5 rows x 502 columns]
