START of jPCA/KPCA/SNPversion/kPCA_pc_correlation.py
Index(['FID', 'IID', 'PID', 'MID', 'sex', 'pheno', 'PC1', 'PC2', 'PC3', 'PC4',
       'PC5', 'PC6', 'PC7', 'PC8', 'PC9', 'PC10', 'hgdpPC1', 'hgdpPC2',
       'hgdpPC3', 'hgdpPC4', 'Site', 'Project', 'cohort', 'SequencingCentre',
       'Grouping'],
      dtype='object')
OG scores matrix shape: (30820, 10)
kpca pc scores matrix shape: (30820, 10)
[[ 1.00000000e+00 -6.75500042e-04  1.27961167e-04 -3.60191601e-05
  -7.24684102e-04 -6.95519586e-05 -2.80806474e-04  1.28590277e-03
   3.92683762e-04 -5.28276715e-04  2.73394144e-03  8.66755140e-03
  -7.27143729e-03 -1.11468214e-02  1.32918726e-03 -2.40328846e-03
   2.12241588e-03 -2.73411257e-03  3.53376430e-03 -4.25075665e-03]
 [-6.75500042e-04  1.00000000e+00  9.77211903e-05  3.97817707e-05
   2.83667760e-04 -5.10060109e-04 -1.26433789e-05 -1.41261709e-04
   5.19073804e-04  6.76784300e-05 -9.68262033e-06 -2.55596230e-03
  -5.38991334e-03 -1.14197834e-03  1.60747991e-03 -5.96262662e-03
  -1.24924878e-02  6.75345537e-03 -3.26626607e-03 -1.28229138e-03]
 [ 1.27961167e-04  9.77211903e-05  1.00000000e+00  4.57268443e-04
   7.70087008e-04  8.37471519e-05  2.79392874e-04 -1.07692804e-03
  -5.57554794e-04 -7.35063874e-04  2.86509374e-03 -3.08640160e-03
  -4.36159215e-03 -6.95722671e-03  3.42066626e-03  6.77195176e-04
   3.63985354e-03  2.09273539e-03 -2.71845115e-03  1.45278736e-02]
 [-3.60191601e-05  3.97817707e-05  4.57268443e-04  1.00000000e+00
   6.95964013e-04 -1.10336803e-03 -1.34956327e-04  1.57195784e-03
   4.80386291e-04  2.56433500e-04  1.24300235e-03  1.11270276e-03
  -4.00293113e-03  7.70187851e-03 -2.53767839e-03  3.57719045e-03
   9.63427558e-03  7.68131558e-03  1.16220525e-03  4.68840584e-03]
 [-7.24684102e-04  2.83667760e-04  7.70087008e-04  6.95964013e-04
   1.00000000e+00 -3.75998732e-04 -6.06186108e-04  5.24174265e-04
  -1.39443310e-04 -2.53693578e-04  2.29681475e-03  4.23320201e-03
  -7.52228699e-04 -2.53351132e-03  1.44274516e-03 -4.20658929e-03
   3.70751834e-03  2.68147658e-03  9.03039245e-03  1.27655510e-02]
 [-6.95519586e-05 -5.10060109e-04  8.37471519e-05 -1.10336803e-03
  -3.75998732e-04  1.00000000e+00  1.38814565e-04  8.01996760e-04
   6.49783876e-04  1.83924242e-04 -3.92292133e-03  6.64171125e-03
  -1.65403160e-03 -5.53649937e-03 -3.27651159e-03 -3.53980206e-04
   2.67646552e-04  2.05150041e-03 -7.82308807e-03 -1.71638925e-03]
 [-2.80806474e-04 -1.26433789e-05  2.79392874e-04 -1.34956327e-04
  -6.06186108e-04  1.38814565e-04  1.00000000e+00  1.27979994e-03
  -3.86289218e-04 -4.15716414e-04 -1.21246636e-03  4.70710436e-04
   6.82017209e-03 -4.55896751e-03  3.82451908e-03 -1.01036985e-03
  -1.01283819e-02 -8.31495167e-03 -2.52266700e-03  8.97744193e-03]
 [ 1.28590277e-03 -1.41261709e-04 -1.07692804e-03  1.57195784e-03
   5.24174265e-04  8.01996760e-04  1.27979994e-03  1.00000000e+00
   9.82839332e-05  6.43509709e-04 -4.41229175e-03  5.07591366e-03
   1.00146937e-03 -1.19085290e-02 -4.79523275e-03  1.38184670e-03
   1.44818492e-03  1.03531638e-02 -2.97732125e-03 -4.61212438e-03]
 [ 3.92683762e-04  5.19073804e-04 -5.57554794e-04  4.80386291e-04
  -1.39443310e-04  6.49783876e-04 -3.86289218e-04  9.82839332e-05
   1.00000000e+00  9.25853532e-04 -1.12264437e-04 -5.27156185e-03
   7.98388507e-03  3.82539830e-03  3.52180697e-03  6.13560441e-03
  -5.33355859e-04 -6.15749008e-03 -7.29998117e-03 -6.39928588e-03]
 [-5.28276715e-04  6.76784300e-05 -7.35063874e-04  2.56433500e-04
  -2.53693578e-04  1.83924242e-04 -4.15716414e-04  6.43509709e-04
   9.25853532e-04  1.00000000e+00  1.36673274e-03  5.16779979e-03
   9.07372880e-04  3.78973284e-03  1.95405356e-03 -2.18698961e-03
   2.19773598e-03  4.08072131e-03 -5.69428518e-03 -3.78597384e-03]]
END of jPCA/KPCA/SNPversion/kPCA_pc_correlation.py
