totalvars
chunksize: 10000
chunknumber: 5
leftover: 6708
Parallelizing $chunknumber scripts to get counts in mijs/ directory...
START of $0
totalvars
chunksize: 10000
chunknumber: 5
leftover: 6708
Current minvar: 1
Submitted batch job 3253631
Current minvar: 10001
Submitted batch job 3253632
Current minvar: 20001
Submitted batch job 3253633
Current minvar: 30001
Submitted batch job 3253634
Last minvar: 50001
Submitted batch job 3253635
Counting completed.
END of $0.
Building Gram matrix!
START of $0
chunksize: 10000
chunknumber: 5
Submitted batch job 3253636
Gram matrix built.
END of $0.
Gram matrix built!
END of $0.
