[1] "Start of the Gram builder (R)"
[1] "chunknumber:"
[1] 5
[1] "chunksize:"
[1] 10000
[1] "minvars length:"
[1] 6
[1] "minvars:"
[[1]]
[1] 1

[[2]]
[1] 10001

[[3]]
[1] 20001

[[4]]
[1] 30001

[[5]]
[1] 40001

[[6]]
[1] 50001

[1] "Current minvar:"
[1] 1
[1] "Current minvar:"
[1] 10001
[1] "Current minvar:"
[1] 20001
[1] "Current minvar:"
[1] 30001
[1] "Current minvar:"
[1] 40001
[1] "Current minvar:"
[1] 50001
[1] "loop end"
[1] "number of nas:"
[1] 0
[1] "number of non-nas:"
[1] 949872400
[1] "nas have been cleaned. Writing file..."
[1] "END of the Gram builder (R)"
