Generating rounded matrix...
Generating Jaccard similarity matrix and heatmap...

------ Importing the genotype matrix ---------
Matrix shape: (100, 12802)
Matrix corner:
[[0. 0. 0. 0.]
 [0. 0. 0. 0.]
 [0. 0. 0. 0.]
 [0. 0. 1. 0.]]
Data corner:
   gene_0  gene_1  gene_2  gene_3
0     0.0     0.0     0.0     0.0
1     0.0     0.0     0.0     0.0
2     0.0     0.0     0.0     0.0
3     0.0     0.0     1.0     0.0


Data description:
       gene_0  gene_1  gene_2  ...  gene_12799  gene_12800  gene_12801
count   100.0   100.0  100.00  ...       100.0       100.0       100.0
mean      0.0     0.0    0.01  ...         0.0         0.0         0.0
std       0.0     0.0    0.10  ...         0.0         0.0         0.0
min       0.0     0.0    0.00  ...         0.0         0.0         0.0
25%       0.0     0.0    0.00  ...         0.0         0.0         0.0
50%       0.0     0.0    0.00  ...         0.0         0.0         0.0
75%       0.0     0.0    0.00  ...         0.0         0.0         0.0
max       0.0     0.0    1.00  ...         0.0         0.0         0.0

[8 rows x 12802 columns]


Min matrix value: 0.0, Max matrix value: 2.0

------ Constructing the (generalized) Jaccard matrix ---------
Genotype matrix:
 [[0. 0. 0. ... 0. 0. 0.]
 [0. 0. 0. ... 0. 0. 0.]
 [0. 0. 0. ... 0. 0. 0.]
 ...
 [0. 0. 0. ... 0. 0. 0.]
 [0. 0. 0. ... 0. 0. 0.]
 [0. 0. 0. ... 0. 0. 0.]]
Upper left OG sim matrix corner: [[1.  0.  0.  0.  0.  0.  0.  0.  0.  0. ]
 [0.  1.  0.  0.  0.  0.  0.  0.  0.  0. ]
 [0.  0.  1.  0.  0.  0.  0.  0.  0.  0. ]
 [0.  0.  0.  1.  0.  0.  0.  0.  0.  0. ]
 [0.  0.  0.  0.  1.  0.  0.  0.  0.  0. ]
 [0.  0.  0.  0.  0.  1.  0.  0.  0.  0. ]
 [0.  0.  0.  0.  0.  0.  1.  0.  0.  0. ]
 [0.  0.  0.  0.  0.  0.  0.  1.  0.  0. ]
 [0.  0.  0.  0.  0.  0.  0.  0.  1.  0.1]
 [0.  0.  0.  0.  0.  0.  0.  0.  0.1 1. ]]
Lower right OG sim matrix corner: [[1.         0.         0.         0.         0.         0.
  0.         0.         0.         0.        ]
 [0.         1.         0.         0.         0.         0.
  0.07692308 0.         0.         0.        ]
 [0.         0.         1.         0.         0.         0.
  0.         0.         0.         0.        ]
 [0.         0.         0.         1.         0.         0.
  0.         0.         0.         0.        ]
 [0.         0.         0.         0.         1.         0.
  0.         0.         0.         0.        ]
 [0.         0.         0.         0.         0.         1.
  0.         0.         0.         0.        ]
 [0.         0.07692308 0.         0.         0.         0.
  1.         0.         0.         0.        ]
 [0.         0.         0.         0.         0.         0.
  0.         1.         0.         0.        ]
 [0.         0.         0.         0.         0.         0.
  0.         0.         1.         0.        ]
 [0.         0.         0.         0.         0.         0.
  0.         0.         0.         1.        ]]
Generating Jaccard histogram...

------ Histogram of generalized Jaccard scores---------
upper left corner imported sim matrix: [[1.  0.  0.  0.  0.  0.  0.  0.  0.  0. ]
 [0.  1.  0.  0.  0.  0.  0.  0.  0.  0. ]
 [0.  0.  1.  0.  0.  0.  0.  0.  0.  0. ]
 [0.  0.  0.  1.  0.  0.  0.  0.  0.  0. ]
 [0.  0.  0.  0.  1.  0.  0.  0.  0.  0. ]
 [0.  0.  0.  0.  0.  1.  0.  0.  0.  0. ]
 [0.  0.  0.  0.  0.  0.  1.  0.  0.  0. ]
 [0.  0.  0.  0.  0.  0.  0.  1.  0.  0. ]
 [0.  0.  0.  0.  0.  0.  0.  0.  1.  0.1]
 [0.  0.  0.  0.  0.  0.  0.  0.  0.1 1. ]]
lower left corner imported sim matrix: [[1.         0.         0.         0.         0.         0.
  0.         0.         0.         0.        ]
 [0.         1.         0.         0.         0.         0.
  0.07692308 0.         0.         0.        ]
 [0.         0.         1.         0.         0.         0.
  0.         0.         0.         0.        ]
 [0.         0.         0.         1.         0.         0.
  0.         0.         0.         0.        ]
 [0.         0.         0.         0.         1.         0.
  0.         0.         0.         0.        ]
 [0.         0.         0.         0.         0.         1.
  0.         0.         0.         0.        ]
 [0.         0.07692308 0.         0.         0.         0.
  1.         0.         0.         0.        ]
 [0.         0.         0.         0.         0.         0.
  0.         1.         0.         0.        ]
 [0.         0.         0.         0.         0.         0.
  0.         0.         1.         0.        ]
 [0.         0.         0.         0.         0.         0.
  0.         0.         0.         1.        ]]
