Generating rounded matrix...
Generating Jaccard similarity matrix and heatmap...

------ Importing the genotype matrix ---------
Matrix shape: (100, 17881)
Matrix corner:
[[0. 0. 0. 0.]
 [0. 0. 0. 0.]
 [0. 0. 0. 0.]
 [0. 0. 1. 0.]]
Data corner:
   gene_0  gene_1  gene_2  gene_3
0     0.0     0.0     0.0     0.0
1     0.0     0.0     0.0     0.0
2     0.0     0.0     0.0     0.0
3     0.0     0.0     1.0     0.0


Data description:
       gene_0  gene_1  gene_2  ...  gene_17878  gene_17879  gene_17880
count   100.0  100.00  100.00  ...       100.0       100.0  100.000000
mean      0.0    0.01    0.01  ...         0.0         0.0    0.020000
std       0.0    0.10    0.10  ...         0.0         0.0    0.140705
min       0.0    0.00    0.00  ...         0.0         0.0    0.000000
25%       0.0    0.00    0.00  ...         0.0         0.0    0.000000
50%       0.0    0.00    0.00  ...         0.0         0.0    0.000000
75%       0.0    0.00    0.00  ...         0.0         0.0    0.000000
max       0.0    1.00    1.00  ...         0.0         0.0    1.000000

[8 rows x 17881 columns]


Min matrix value: 0.0, Max matrix value: 8.0

------ Constructing the (generalized) Jaccard matrix ---------
Genotype matrix:
 [[0. 0. 0. ... 0. 0. 0.]
 [0. 0. 0. ... 0. 0. 0.]
 [0. 0. 0. ... 0. 0. 0.]
 ...
 [0. 0. 0. ... 0. 0. 0.]
 [0. 0. 0. ... 0. 0. 0.]
 [0. 0. 0. ... 0. 0. 0.]]
Upper left OG sim matrix corner: [[1.         0.01538462 0.         0.07352941 0.         0.01219512
  0.00598802 0.00606061 0.00571429 0.06666667]
 [0.01538462 1.         0.01123596 0.0047619  0.         0.01273885
  0.         0.         0.         0.        ]
 [0.         0.01123596 1.         0.02030457 0.01052632 0.00675676
  0.00671141 0.         0.         0.00636943]
 [0.07352941 0.0047619  0.02030457 1.         0.         0.00558659
  0.00555556 0.00561798 0.00531915 0.06779661]
 [0.         0.         0.01052632 0.         1.         0.
  0.00584795 0.         0.00558659 0.        ]
 [0.01219512 0.01273885 0.00675676 0.00558659 0.         1.
  0.0078125  0.         0.         0.00735294]
 [0.00598802 0.         0.00671141 0.00555556 0.00584795 0.0078125
  1.         0.         0.00729927 0.00729927]
 [0.00606061 0.         0.         0.00561798 0.         0.
  0.         1.         0.02255639 0.        ]
 [0.00571429 0.         0.         0.00531915 0.00558659 0.
  0.00729927 0.02255639 1.         0.00689655]
 [0.06666667 0.         0.00636943 0.06779661 0.         0.00735294
  0.00729927 0.         0.00689655 1.        ]]
Lower right OG sim matrix corner: [[1.         0.00729927 0.0070922  0.         0.00833333 0.00847458
  0.01818182 0.00854701 0.         0.00763359]
 [0.00729927 1.         0.         0.01515152 0.         0.01550388
  0.00813008 0.         0.00775194 0.        ]
 [0.0070922  0.         1.         0.         0.00735294 0.
  0.         0.         0.         0.01369863]
 [0.         0.01515152 0.         1.         0.00862069 0.02678571
  0.         0.         0.         0.        ]
 [0.00833333 0.         0.00735294 0.00862069 1.         0.00884956
  0.         0.         0.         0.        ]
 [0.00847458 0.01550388 0.         0.02678571 0.00884956 1.
  0.         0.         0.01834862 0.        ]
 [0.01818182 0.00813008 0.         0.         0.         0.
  1.         0.         0.         0.00854701]
 [0.00854701 0.         0.         0.         0.         0.
  0.         1.         0.         0.        ]
 [0.         0.00775194 0.         0.         0.         0.01834862
  0.         0.         1.         0.        ]
 [0.00763359 0.         0.01369863 0.         0.         0.
  0.00854701 0.         0.         1.        ]]
Generating Jaccard histogram...

------ Histogram of generalized Jaccard scores---------
upper left corner imported sim matrix: [[1.         0.01538462 0.         0.07352941 0.         0.01219512
  0.00598802 0.00606061 0.00571429 0.06666667]
 [0.01538462 1.         0.01123596 0.0047619  0.         0.01273885
  0.         0.         0.         0.        ]
 [0.         0.01123596 1.         0.02030457 0.01052632 0.00675676
  0.00671141 0.         0.         0.00636943]
 [0.07352941 0.0047619  0.02030457 1.         0.         0.00558659
  0.00555556 0.00561798 0.00531915 0.06779661]
 [0.         0.         0.01052632 0.         1.         0.
  0.00584795 0.         0.00558659 0.        ]
 [0.01219512 0.01273885 0.00675676 0.00558659 0.         1.
  0.0078125  0.         0.         0.00735294]
 [0.00598802 0.         0.00671141 0.00555556 0.00584795 0.0078125
  1.         0.         0.00729927 0.00729927]
 [0.00606061 0.         0.         0.00561798 0.         0.
  0.         1.         0.02255639 0.        ]
 [0.00571429 0.         0.         0.00531915 0.00558659 0.
  0.00729927 0.02255639 1.         0.00689655]
 [0.06666667 0.         0.00636943 0.06779661 0.         0.00735294
  0.00729927 0.         0.00689655 1.        ]]
lower left corner imported sim matrix: [[1.         0.00729927 0.0070922  0.         0.00833333 0.00847458
  0.01818182 0.00854701 0.         0.00763359]
 [0.00729927 1.         0.         0.01515152 0.         0.01550388
  0.00813008 0.         0.00775194 0.        ]
 [0.0070922  0.         1.         0.         0.00735294 0.
  0.         0.         0.         0.01369863]
 [0.         0.01515152 0.         1.         0.00862069 0.02678571
  0.         0.         0.         0.        ]
 [0.00833333 0.         0.00735294 0.00862069 1.         0.00884956
  0.         0.         0.         0.        ]
 [0.00847458 0.01550388 0.         0.02678571 0.00884956 1.
  0.         0.         0.01834862 0.        ]
 [0.01818182 0.00813008 0.         0.         0.         0.
  1.         0.         0.         0.00854701]
 [0.00854701 0.         0.         0.         0.         0.
  0.         1.         0.         0.        ]
 [0.         0.00775194 0.         0.         0.         0.01834862
  0.         0.         1.         0.        ]
 [0.00763359 0.         0.01369863 0.         0.         0.
  0.00854701 0.         0.         1.        ]]
