Glm with phenotype

Index(['FID', 'IID', 'PID', 'MID', 'sex', 'pheno', 'PC1', 'PC2', 'PC3', 'PC4',
       'PC5', 'PC6', 'PC7', 'PC8', 'PC9', 'PC10', 'hgdpPC1', 'hgdpPC2',
       'hgdpPC3', 'hgdpPC4', 'Site', 'Project', 'cohort', 'SequencingCentre',
       'Grouping'],
      dtype='object')
Phenos: [0 1]
Scores matrix shape:  (30820, 10)
Training set size: 24656
Test set size: 6164
------------statsmodels binomial glm------------------
          Coef.  Std.Err.          z     P>|z|    [0.025    0.975]
const -1.216342  0.015170 -80.178571  0.000000 -1.246076 -1.186609
x1    -0.188073  1.324505  -0.141995  0.887084 -2.784056  2.407910
x2    -2.354967  1.484367  -1.586513  0.112623 -5.264273  0.554339
x3     0.316169  1.759708   0.179672  0.857410 -3.132794  3.765133
x4    -0.324469  1.681709  -0.192940  0.847006 -3.620557  2.971619
x5     0.231430  1.706885   0.135586  0.892149 -3.114003  3.576863
x6     1.307436  1.694778   0.771450  0.440440 -2.014267  4.629139
x7     0.843325  1.615689   0.521960  0.601698 -2.323367  4.010017
x8     0.955245  1.752780   0.544988  0.585762 -2.480141  4.390630
x9    -2.269858  1.990088  -1.140582  0.254044 -6.170358  1.630641
x10    1.538577  1.544046   0.996458  0.319028 -1.487697  4.564851
                 Generalized Linear Model Regression Results                  
==============================================================================
Dep. Variable:                      y   No. Observations:                24656
Model:                            GLM   Df Residuals:                    24645
Model Family:                Binomial   Df Model:                           10
Link Function:                  logit   Scale:                          1.0000
Method:                          IRLS   Log-Likelihood:                -13253.
Date:                Fri, 24 Jul 2020   Deviance:                       26507.
Time:                        13:06:52   Pearson chi2:                 2.47e+04
No. Iterations:                     5                                         
Covariance Type:            nonrobust                                         
==============================================================================
                 coef    std err          z      P>|z|      [0.025      0.975]
------------------------------------------------------------------------------
const         -1.2163      0.015    -80.179      0.000      -1.246      -1.187
x1            -0.1881      1.325     -0.142      0.887      -2.784       2.408
x2            -2.3550      1.484     -1.587      0.113      -5.264       0.554
x3             0.3162      1.760      0.180      0.857      -3.133       3.765
x4            -0.3245      1.682     -0.193      0.847      -3.621       2.972
x5             0.2314      1.707      0.136      0.892      -3.114       3.577
x6             1.3074      1.695      0.771      0.440      -2.014       4.629
x7             0.8433      1.616      0.522      0.602      -2.323       4.010
x8             0.9552      1.753      0.545      0.586      -2.480       4.391
x9            -2.2699      1.990     -1.141      0.254      -6.170       1.631
x10            1.5386      1.544      0.996      0.319      -1.488       4.565
==============================================================================

--- metrics ---
[0 0 0 ... 0 0 0]
       Recall  Precision  Accuracy  F1-score
train     0.0        0.0  0.771334       0.0
test      0.0        0.0  0.774984       0.0
